<?xml version="1.0" encoding="UTF-8"?>
<!-- Generated by org.testng.reporters.JUnitXMLReporter -->
<testsuite hostname="OpenLogix-PC" failures="0" tests="3" name="forgotPassword" time="21.882" errors="0" timestamp="28 Apr 2021 16:51:38 GMT">
  <testcase classname="Academy.E2EPractise.forgotPassword" name="fpassword2" time="2.126"/>
  <testcase classname="Academy.E2EPractise.forgotPassword" name="newsflow" time="5.792"/>
  <testcase classname="Academy.E2EPractise.forgotPassword" name="tsearch" time="2.371"/>
</testsuite> <!-- forgotPassword -->
