<?xml version="1.0" encoding="UTF-8"?>
<!-- Generated by org.testng.reporters.JUnitXMLReporter -->
<testsuite hostname="OpenLogix-PC" failures="0" tests="6" name="Login Flow" time="29.995" errors="0" timestamp="28 Apr 2021 16:50:48 GMT">
  <testcase classname="Academy.E2EPractise.HomePage" name="basepageNavigation" time="1.919"/>
  <testcase classname="Academy.E2EPractise.HomePage" name="dressesLinks" time="8.07"/>
  <testcase classname="Academy.E2EPractise.HomePage" name="newsletFlow" time="5.285"/>
  <testcase classname="Academy.E2EPractise.HomePage" name="searchFlow" time="3.761"/>
  <testcase classname="Academy.E2EPractise.HomePage" name="socialMediaLinks" time="0.445"/>
  <testcase classname="Academy.E2EPractise.HomePage" name="tShirtFlow" time="3.46"/>
</testsuite> <!-- Login Flow -->
