<?xml version="1.0" encoding="UTF-8"?>
<testng-results total="1" passed="1" failed="0" skipped="0">
  <reporter-output>
  </reporter-output>
  <suite started-at="2021-11-02T10:06:01Z" name="Default suite" finished-at="2021-11-02T10:06:24Z" duration-ms="23406">
    <groups>
    </groups>
    <test started-at="2021-11-02T10:06:01Z" name="Default test" finished-at="2021-11-02T10:06:24Z" duration-ms="23406">
      <class name="Academy.E2EPractise.TermsAndConditionsFlow">
        <test-method is-config="true" signature="getURL()[pri:0, instance:Academy.E2EPractise.TermsAndConditionsFlow@62f87c44]" started-at="2021-11-02T15:36:01Z" name="getURL" finished-at="2021-11-02T15:36:16Z" duration-ms="15409" status="PASS">
          <reporter-output>
          </reporter-output>
        </test-method> <!-- getURL -->
        <test-method signature="termscondtionsflw()[pri:0, instance:Academy.E2EPractise.TermsAndConditionsFlow@62f87c44]" started-at="2021-11-02T15:36:16Z" name="termscondtionsflw" finished-at="2021-11-02T15:36:24Z" duration-ms="7865" status="PASS">
          <reporter-output>
          </reporter-output>
        </test-method> <!-- termscondtionsflw -->
        <test-method is-config="true" signature="teardown()[pri:0, instance:Academy.E2EPractise.TermsAndConditionsFlow@62f87c44]" started-at="2021-11-02T15:36:24Z" name="teardown" finished-at="2021-11-02T15:36:24Z" duration-ms="115" status="PASS">
          <reporter-output>
          </reporter-output>
        </test-method> <!-- teardown -->
      </class> <!-- Academy.E2EPractise.TermsAndConditionsFlow -->
    </test> <!-- Default test -->
  </suite> <!-- Default suite -->
</testng-results>
