<?xml version="1.0" encoding="UTF-8"?>
<testsuite xmlns:xsi="http://www.w3.org/2001/XMLSchema-instance" xsi:noNamespaceSchemaLocation="https://maven.apache.org/surefire/maven-surefire-plugin/xsd/surefire-test-report-3.0.xsd" version="3.0" name="TestSuite" time="94.294" tests="12" errors="0" skipped="0" failures="0">
  <properties>
[...]
</properties>
  <testcase name="basepageNavigation[test22201@test.com, 12389588](1)" classname="Academy.E2EPractise.HomePage" time="1.887">
    <system-err><![CDATA[Starting ChromeDriver 89.0.4389.23 (61b08ee2c50024bab004e48d2b1b083cdbdac579-refs/branch-heads/4389@{#294}) on port 47035
Only local connections are allowed.
Please see https://chromedriver.chromium.org/security-considerations for suggestions on keeping ChromeDriver safe.
ChromeDriver was started successfully.
[1619628620.224][WARNING]: This version of ChromeDriver has not been tested with Chrome version 90.
Apr 28, 2021 10:20:20 PM org.openqa.selenium.remote.ProtocolHandshake createSession
INFO: Detected dialect: W3C
]]></system-err>
  </testcase>
  <testcase name="dressesLinks" classname="Academy.E2EPractise.HomePage" time="8.07"/>
  <testcase name="newsletFlow" classname="Academy.E2EPractise.HomePage" time="5.3"/>
  <testcase name="searchFlow" classname="Academy.E2EPractise.HomePage" time="3.745"/>
  <testcase name="socialMediaLinks" classname="Academy.E2EPractise.HomePage" time="0.447"/>
  <testcase name="tShirtFlow" classname="Academy.E2EPractise.HomePage" time="3.458"/>
  <testcase name="registrationFlow[test2342@2145.com, FirstNameDetails, LastNameDetails, 123456, FirstNameDetails1, LastNameDetails1, CompanyDetails1, Address1 Details, Address2 Details, City Details, ZipCode Details, AdditionalInformation Details, 25988866, Alias Details](1)" classname="Academy.E2EPractise.Registration" time="8.878">
    <system-err><![CDATA[Starting ChromeDriver 89.0.4389.23 (61b08ee2c50024bab004e48d2b1b083cdbdac579-refs/branch-heads/4389@{#294}) on port 44068
Only local connections are allowed.
Please see https://chromedriver.chromium.org/security-considerations for suggestions on keeping ChromeDriver safe.
ChromeDriver was started successfully.
[1619628653.551][WARNING]: This version of ChromeDriver has not been tested with Chrome version 90.
Apr 28, 2021 10:20:53 PM org.openqa.selenium.remote.ProtocolHandshake createSession
INFO: Detected dialect: W3C
]]></system-err>
  </testcase>
  <testcase name="fpassword2" classname="Academy.E2EPractise.forgotPassword" time="2.073">
    <system-err><![CDATA[Starting ChromeDriver 89.0.4389.23 (61b08ee2c50024bab004e48d2b1b083cdbdac579-refs/branch-heads/4389@{#294}) on port 34467
Only local connections are allowed.
Please see https://chromedriver.chromium.org/security-considerations for suggestions on keeping ChromeDriver safe.
ChromeDriver was started successfully.
[1619628677.773][WARNING]: This version of ChromeDriver has not been tested with Chrome version 90.
Apr 28, 2021 10:21:18 PM org.openqa.selenium.remote.ProtocolHandshake createSession
INFO: Detected dialect: W3C
]]></system-err>
  </testcase>
  <testcase name="newsflow" classname="Academy.E2EPractise.forgotPassword" time="5.788"/>
  <testcase name="tsearch" classname="Academy.E2EPractise.forgotPassword" time="2.371"/>
  <testcase name="contactUSFlw" classname="Academy.E2EPractise.contactUsFlow" time="4.71">
    <system-err><![CDATA[Starting ChromeDriver 89.0.4389.23 (61b08ee2c50024bab004e48d2b1b083cdbdac579-refs/branch-heads/4389@{#294}) on port 18643
Only local connections are allowed.
Please see https://chromedriver.chromium.org/security-considerations for suggestions on keeping ChromeDriver safe.
ChromeDriver was started successfully.
[1619628699.439][WARNING]: This version of ChromeDriver has not been tested with Chrome version 90.
Apr 28, 2021 10:21:39 PM org.openqa.selenium.remote.ProtocolHandshake createSession
INFO: Detected dialect: W3C
]]></system-err>
  </testcase>
  <testcase name="validateTitle" classname="Academy.E2EPractise.contactUsFlow" time="0.028">
    <system-out><![CDATA[CUSTOMER SERVICE - CONTACT US
]]></system-out>
  </testcase>
</testsuite>